
> vibe-generated-app@1.0.0 dev
> vite


  VITE v5.4.20  ready in 216 ms

  ➜  Local:   http://localhost:3000/
  ➜  Network: http://172.20.2.87:3000/
2:31:35 PM [vite] Pre-transform error: Transform failed with 1 error:
/home/workspace/src/App.jsx:42:25: ERROR: Expected "}" but found "as"
2:31:55 PM [vite] Internal server error: Transform failed with 1 error:
/home/workspace/src/App.jsx:42:25: ERROR: Expected "}" but found "as"
  Plugin: vite:esbuild
  File: /home/workspace/src/App.jsx:42:25
  
  Expected "}" but found "as"
  40 |  
  41 |    return (
  42 |      <div style={rootVars as React.CSSProperties} className="min-h-screen bg-[var(--white)] text-[var(--ink)]">
     |                           ^
  43 |        <Navbar current={current} onNavigate={navigateTo} />
  44 |  
  
      at failureErrorWithLog (/home/workspace/node_modules/esbuild/lib/main.js:1472:15)
      at /home/workspace/node_modules/esbuild/lib/main.js:755:50
      at responseCallbacks.<computed> (/home/workspace/node_modules/esbuild/lib/main.js:622:9)
      at handleIncomingPacket (/home/workspace/node_modules/esbuild/lib/main.js:677:12)
      at Socket.readFromStdout (/home/workspace/node_modules/esbuild/lib/main.js:600:7)
      at Socket.emit (node:events:508:28)
      at addChunk (node:internal/streams/readable:559:12)
      at readableAddChunkPushByteMode (node:internal/streams/readable:510:3)
      at Readable.push (node:internal/streams/readable:390:5)
      at Pipe.onStreamRead (node:internal/stream_base_commons:189:23)
2:32:04 PM [vite] Internal server error: Transform failed with 1 error:
/home/workspace/src/App.jsx:42:25: ERROR: Expected "}" but found "as"
  Plugin: vite:esbuild
  File: /home/workspace/src/App.jsx:42:25
  
  Expected "}" but found "as"
  40 |  
  41 |    return (
  42 |      <div style={rootVars as React.CSSProperties} className="min-h-screen bg-[var(--white)] text-[var(--ink)]">
     |                           ^
  43 |        <Navbar current={current} onNavigate={navigateTo} />
  44 |  
  
      at failureErrorWithLog (/home/workspace/node_modules/esbuild/lib/main.js:1472:15)
      at /home/workspace/node_modules/esbuild/lib/main.js:755:50
      at responseCallbacks.<computed> (/home/workspace/node_modules/esbuild/lib/main.js:622:9)
      at handleIncomingPacket (/home/workspace/node_modules/esbuild/lib/main.js:677:12)
      at Socket.readFromStdout (/home/workspace/node_modules/esbuild/lib/main.js:600:7)
      at Socket.emit (node:events:508:28)
      at addChunk (node:internal/streams/readable:559:12)
      at readableAddChunkPushByteMode (node:internal/streams/readable:510:3)
      at Readable.push (node:internal/streams/readable:390:5)
      at Pipe.onStreamRead (node:internal/stream_base_commons:189:23)
